24.03.2023 19:45:01
Магазин купив: товар iPhone 13 Pro Max з ціною покупки 1050,5 та ціною продажу 1208,07у кількості 8
 
24.03.2023 19:45:07
Магазин купив: товар Galaxy Z Fold3 5G з ціною покупки 1120,5 та ціною продажу 1288,57у кількості 2
 
24.03.2023 19:45:38
Магазин купив: товар Xiaomi 11T Pro з ціною покупки 750,5 та ціною продажу 863,08у кількості 9
 
24.03.2023 19:45:42
Магазин купив: товар Pixel 6 Pro з ціною покупки 850,5 та ціною продажу 978,08у кількості 2
 
24.03.2023 19:45:47
Магазин купив: товар Galaxy Z Flip 3 5G з ціною покупки 1150,5 та ціною продажу 1323,07у кількості 5
 
24.03.2023 19:45:50
Магазин купив: товар Xiaomi 11T Pro з ціною покупки 750,5 та ціною продажу 863,08у кількості 8
 
24.03.2023 19:45:54
Магазин купив: товар iPhone 13 Pro Max з ціною покупки 1050,5 та ціною продажу 1208,07у кількості 4
 
24.03.2023 19:45:59
Магазин купив: товар Galaxy Z Flip 3 5G з ціною покупки 1150,5 та ціною продажу 1323,07у кількості 8
 
24.03.2023 19:46:00
Магазин купив: товар iPhone 13 Pro Max з ціною покупки 1050,5 та ціною продажу 1208,07у кількості 8
 
24.03.2023 19:46:02
Магазин купив: товар iPhone 13 Pro Max з ціною покупки 1050,5 та ціною продажу 1208,07у кількості 4
 
24.03.2023 19:46:15
Магазин купив: товар Galaxy S21 Ultra з ціною покупки 950,5 та ціною продажу 1093,07у кількості 1
 
24.03.2023 19:46:18
Магазин купив: товар Xiaomi Mi 11 Ultra з ціною покупки 720,5 та ціною продажу 828,58у кількості 8
 
24.03.2023 19:49:19
Магазин купив: товар Pixel 6 Pro з ціною покупки 850,5 та ціною продажу 978,08у кількості 2
 
24.03.2023 19:49:23
Магазин купив: товар Galaxy Z Fold3 5G з ціною покупки 1120,5 та ціною продажу 1288,57у кількості 3
 
24.03.2023 19:49:24
Магазин купив: товар Galaxy S21 FE 5G з ціною покупки 920,5 та ціною продажу 1058,57у кількості 2
 
24.03.2023 19:49:28
Магазин купив: товар Galaxy Z Fold3 5G з ціною покупки 1120,5 та ціною продажу 1288,57у кількості 9
 
24.03.2023 19:49:29
Магазин купив: товар Galaxy S21 FE 5G з ціною покупки 920,5 та ціною продажу 1058,57у кількості 2
 
24.03.2023 19:49:30
Магазин купив: товар Galaxy Z Fold3 5G з ціною покупки 1120,5 та ціною продажу 1288,57у кількості 8
 
24.03.2023 19:49:31
Магазин купив: товар iPhone 13 з ціною покупки 950,5 та ціною продажу 1093,07у кількості 8
 
24.03.2023 19:49:32
Магазин купив: товар Galaxy Z Fold3 5G з ціною покупки 1120,5 та ціною продажу 1288,57у кількості 9
 
24.03.2023 19:49:34
Магазин купив: товар Galaxy Z Fold3 5G з ціною покупки 1120,5 та ціною продажу 1288,57у кількості 4
 
24.03.2023 19:49:35
Магазин купив: товар Galaxy Z Fold3 5G з ціною покупки 1120,5 та ціною продажу 1288,57у кількості 6
 
24.03.2023 19:49:36
Магазин купив: товар Galaxy Z Fold3 5G з ціною покупки 1120,5 та ціною продажу 1288,57у кількості 8
 
24.03.2023 19:49:37
Магазин купив: товар Pixel 6 Pro з ціною покупки 850,5 та ціною продажу 978,08у кількості 7
 
24.03.2023 19:52:07
Магазин купив: товар Galaxy Z Flip 3 5G з ціною покупки 1150,5 та ціною продажу 1323,07у кількості 8
 
24.03.2023 19:52:21
Магазин купив: товар Galaxy S21 Ultra з ціною покупки 950,5 та ціною продажу 1093,07у кількості 7
 
24.03.2023 19:54:44
Магазин купив: товар Xiaomi 11T Pro з ціною покупки 750,5 та ціною продажу 863,08у кількості 3
 
24.03.2023 19:54:45
Магазин купив: товар ASUS ROG Phone 5s Pro з ціною покупки 700,5 та ціною продажу 805,58у кількості 9
 
24.03.2023 19:54:49
Магазин купив: товар iPhone 13 Pro Max з ціною покупки 1050,5 та ціною продажу 1208,07у кількості 6
 
24.03.2023 19:54:50
Магазин купив: товар Xiaomi Mi 11 Ultra з ціною покупки 720,5 та ціною продажу 828,58у кількості 3
 
24.03.2023 19:55:45
Магазин купив: товар Galaxy S21 Ultra з ціною покупки 950,5 та ціною продажу 1093,07у кількості 7
 
24.03.2023 19:55:48
Магазин купив: товар Pixel 6 Pro з ціною покупки 850,5 та ціною продажу 978,08у кількості 2
 
24.03.2023 19:55:51
Магазин купив: товар Pixel 6 Pro з ціною покупки 850,5 та ціною продажу 978,08у кількості 9
 
24.03.2023 19:57:04
Магазин купив: товар Galaxy Z Fold3 5G з ціною покупки 1120,5 та ціною продажу 1288,57у кількості 5
 
24.03.2023 20:05:17
Магазин купив: Galaxy Z Flip 3 5G з ціною покупки 1150,5 та ціною продажу 1323,07 у кількості 4у кількості 4
 
24.03.2023 20:05:18
Магазин купив: iPhone 13 з ціною покупки 950,5 та ціною продажу 1093,07 у кількості 3у кількості 3
 
24.03.2023 20:05:21
Магазин купив: Galaxy Z Fold3 5G з ціною покупки 1120,5 та ціною продажу 1288,57 у кількості 1у кількості 1
 
24.03.2023 20:05:22
Магазин купив: Galaxy Z Flip 3 5G з ціною покупки 1150,5 та ціною продажу 1323,07 у кількості 4у кількості 4
 
24.03.2023 20:05:23
Магазин купив: ASUS ROG Phone 5s Pro з ціною покупки 700,5 та ціною продажу 805,58 у кількості 5у кількості 5
 
24.03.2023 20:08:14
Магазин купив: iPhone 13 Pro Max з ціною покупки 1050,5 та ціною продажу 1208,07 у кількості 8у кількості 8
 
24.03.2023 20:08:16
Магазин купив: Galaxy Z Flip 3 5G з ціною покупки 1150,5 та ціною продажу 1323,07 у кількості 2у кількості 2
 
24.03.2023 20:08:18
Магазин купив: ASUS ROG Phone 5s Pro з ціною покупки 700,5 та ціною продажу 805,58 у кількості 3у кількості 3
 
24.03.2023 20:08:19
Магазин купив: Galaxy S21 FE 5G з ціною покупки 920,5 та ціною продажу 1058,57 у кількості 1у кількості 1
 
24.03.2023 20:08:20
Магазин купив: iPhone 13 Pro Max з ціною покупки 1050,5 та ціною продажу 1208,07 у кількості 8у кількості 8
 
24.03.2023 20:08:22
Магазин купив: iPhone 13 Pro Max з ціною покупки 1050,5 та ціною продажу 1208,07 у кількості 8у кількості 8
 
24.03.2023 20:08:23
Магазин купив: Xiaomi Mi 11 Ultra з ціною покупки 720,5 та ціною продажу 828,58 у кількості 3у кількості 3
 
24.03.2023 20:08:25
Магазин купив: Galaxy Z Fold3 5G з ціною покупки 1120,5 та ціною продажу 1288,57 у кількості 3у кількості 3
 
24.03.2023 20:08:27
Магазин купив: Xiaomi Mi 11 Ultra з ціною покупки 720,5 та ціною продажу 828,58 у кількості 9у кількості 9
 
24.03.2023 20:08:28
Магазин купив: Galaxy Z Flip 3 5G з ціною покупки 1150,5 та ціною продажу 1323,07 у кількості 7у кількості 7
 
24.03.2023 20:10:13
Galaxy Z Fold3 5G з ціною покупки 1120,5 та ціною продажу 1288,57 у кількості 3 через те що їх щойно продали 1
 
24.03.2023 20:10:18
Магазин купив: Galaxy Z Fold3 5G з ціною покупки 1120,5 та ціною продажу 1288,57 у кількості 2у кількості 2
 
24.03.2023 20:10:19
Магазин купив: Galaxy S21 Ultra з ціною покупки 950,5 та ціною продажу 1093,07 у кількості 5у кількості 5
 
24.03.2023 20:10:20
Магазин купив: Galaxy S21 Ultra з ціною покупки 950,5 та ціною продажу 1093,07 у кількості 6у кількості 6
 
24.03.2023 20:10:24
Магазин купив: Galaxy S21 Ultra з ціною покупки 950,5 та ціною продажу 1093,07 у кількості 6у кількості 6
 
24.03.2023 20:10:25
Магазин купив: Xiaomi 11T Pro з ціною покупки 750,5 та ціною продажу 863,08 у кількості 3у кількості 3
 
24.03.2023 20:10:26
Магазин купив: Galaxy Z Flip 3 5G з ціною покупки 1150,5 та ціною продажу 1323,07 у кількості 3у кількості 3
 
24.03.2023 20:10:26
Магазин купив: Pixel 6 Pro з ціною покупки 850,5 та ціною продажу 978,08 у кількості 6у кількості 6
 
24.03.2023 20:10:27
Магазин купив: Galaxy Z Flip 3 5G з ціною покупки 1150,5 та ціною продажу 1323,07 у кількості 6у кількості 6
 
24.03.2023 20:10:30
Магазин купив: Galaxy Z Fold3 5G з ціною покупки 1120,5 та ціною продажу 1288,57 у кількості 8у кількості 8
 
24.03.2023 20:10:31
Магазин купив: iPhone 13 Pro Max з ціною покупки 1050,5 та ціною продажу 1208,07 у кількості 1у кількості 1
 
24.03.2023 20:10:32
Магазин купив: Galaxy S21 Ultra з ціною покупки 950,5 та ціною продажу 1093,07 у кількості 6у кількості 6
 
24.03.2023 20:10:33
Магазин купив: Pixel 6 Pro з ціною покупки 850,5 та ціною продажу 978,08 у кількості 4у кількості 4
 
24.03.2023 20:10:34
Pixel 6 Pro з ціною покупки 850,5 та ціною продажу 978,08 у кількості 11 через те що їх щойно продали 8
 
24.03.2023 20:10:34
Магазин купив: Pixel 6 Pro з ціною покупки 850,5 та ціною продажу 978,08 у кількості 7у кількості 7
 
24.03.2023 20:10:37
iPhone 13 Pro Max з ціною покупки 1050,5 та ціною продажу 1208,07 у кількості 1 через те що їх щойно продали 3
 
24.03.2023 20:10:41
Galaxy Z Flip 3 5G з ціною покупки 1150,5 та ціною продажу 1323,07 у кількості 8 через те що їх щойно продали 8
 
24.03.2023 20:10:43
Galaxy Z Flip 3 5G з ціною покупки 1150,5 та ціною продажу 1323,07 у кількості 2 через те що їх щойно продали 6
 
